<?xml version="1.0" encoding="UTF-8"?>
<!-- Generated by org.testng.reporters.JUnitReportReporter -->
<testsuite ignored="0" hostname="DESKTOP-OD5RHOE" failures="0" tests="1" name="com.hellomaven.tests.ParallelTestDemo2" time="4.816" errors="0" timestamp="26 Mar 2024 02:19:05 GMT" skipped="0">
  <testcase classname="com.hellomaven.tests.ParallelTestDemo2" name="nopcommerceTest" time="4.816"/>
</testsuite> <!-- com.hellomaven.tests.ParallelTestDemo2 -->
