<?xml version="1.0" encoding="UTF-8"?>
<!-- Generated by org.testng.reporters.JUnitReportReporter -->
<testsuite ignored="0" hostname="DESKTOP-OD5RHOE" failures="0" tests="1" name="com.drivermethods.DemoDrivermethods" time="4.104" errors="0" timestamp="09 Mar 2024 02:48:16 GMT" skipped="0">
  <testcase classname="com.drivermethods.DemoDrivermethods" name="testDriverMethods" time="4.104"/>
</testsuite> <!-- com.drivermethods.DemoDrivermethods -->
