<?xml version="1.0" encoding="UTF-8"?>
<!-- Generated by org.testng.reporters.JUnitReportReporter -->
<testsuite ignored="0" hostname="DESKTOP-OD5RHOE" failures="0" tests="1" name="com.selenium.RadioCheckBox.DemoRadioCheckBox" time="5.204" errors="0" timestamp="11 Mar 2024 01:50:32 GMT" skipped="0">
  <testcase classname="com.selenium.RadioCheckBox.DemoRadioCheckBox" name="testPageSource" time="5.204"/>
</testsuite> <!-- com.selenium.RadioCheckBox.DemoRadioCheckBox -->
