<?xml version="1.0" encoding="UTF-8"?>
<!-- Generated by org.testng.reporters.JUnitReportReporter -->
<testsuite ignored="1" hostname="DESKTOP-OD5RHOE" failures="0" tests="1" name="com.selenium.RadioCheckBox.DemoCheckBox" time="9.464" errors="0" timestamp="11 Mar 2024 02:15:30 GMT" skipped="0">
  <testcase classname="com.selenium.RadioCheckBox.DemoCheckBox" name="selectCheckBox" time="9.464"/>
  <testcase classname="com.selenium.RadioCheckBox.DemoCheckBox" name="verifyCehckBoxStatus">
    <skipped/>
  </testcase> <!-- verifyCehckBoxStatus -->
</testsuite> <!-- com.selenium.RadioCheckBox.DemoCheckBox -->
