<?xml version="1.0" encoding="UTF-8"?>
<!-- Generated by org.testng.reporters.JUnitReportReporter -->
<testsuite ignored="0" hostname="DESKTOP-OD5RHOE" failures="0" tests="1" name="com.selenium.wait.DemoAlertExplicitWait" time="44.471" errors="0" timestamp="13 Mar 2024 02:16:14 GMT" skipped="0">
  <testcase classname="com.selenium.wait.DemoAlertExplicitWait" name="testAlertsWithExplicitWait" time="44.471"/>
</testsuite> <!-- com.selenium.wait.DemoAlertExplicitWait -->
