<?xml version="1.0" encoding="UTF-8"?>
<!-- Generated by org.testng.reporters.JUnitReportReporter -->
<testsuite ignored="6" hostname="DESKTOP-OD5RHOE" failures="0" tests="1" name="com.selenium.wait.DemoAlertExplicitWait" time="6.275" errors="0" timestamp="14 Mar 2024 03:03:23 GMT" skipped="0">
  <testcase classname="com.selenium.wait.DemoAlertExplicitWait" name="testAlertsWithExplicitWait" time="6.275"/>
  <testcase classname="com.selenium.utils.Utils" name="setUp">
    <skipped/>
  </testcase> <!-- setUp -->
  <testcase classname="com.selenium.utils.Utils" name="setUp">
    <skipped/>
  </testcase> <!-- setUp -->
  <testcase classname="com.selenium.utils.Utils" name="setUp">
    <skipped/>
  </testcase> <!-- setUp -->
  <testcase classname="com.selenium.utils.Utils" name="closeBrowser">
    <skipped/>
  </testcase> <!-- closeBrowser -->
  <testcase classname="com.selenium.utils.Utils" name="closeBrowser">
    <skipped/>
  </testcase> <!-- closeBrowser -->
  <testcase classname="com.selenium.utils.Utils" name="closeBrowser">
    <skipped/>
  </testcase> <!-- closeBrowser -->
</testsuite> <!-- com.selenium.wait.DemoAlertExplicitWait -->
