<?xml version="1.0" encoding="UTF-8"?>
<!-- Generated by org.testng.reporters.JUnitReportReporter -->
<testsuite ignored="3" hostname="DESKTOP-OD5RHOE" failures="0" tests="1" name="com.selenium.listBox.DemoList" time="9.088" errors="0" timestamp="11 Mar 2024 02:46:09 GMT" skipped="0">
  <testcase classname="com.selenium.listBox.DemoList" name="test4" time="9.088"/>
  <testcase classname="com.selenium.listBox.DemoList" name="test2">
    <skipped/>
  </testcase> <!-- test2 -->
  <testcase classname="com.selenium.listBox.DemoList" name="test3">
    <skipped/>
  </testcase> <!-- test3 -->
  <testcase classname="com.selenium.listBox.DemoList" name="test">
    <skipped/>
  </testcase> <!-- test -->
</testsuite> <!-- com.selenium.listBox.DemoList -->
