<?xml version="1.0" encoding="UTF-8"?>
<!-- Generated by org.testng.reporters.JUnitReportReporter -->
<testsuite ignored="0" hostname="DESKTOP-OD5RHOE" failures="0" tests="1" name="com.selenium.windows.Dr" time="4.177" errors="0" timestamp="15 Mar 2024 02:22:46 GMT" skipped="0">
  <testcase classname="com.selenium.windows.Dr" name="test" time="4.177"/>
</testsuite> <!-- com.selenium.windows.Dr -->
