<?xml version="1.0" encoding="UTF-8"?>
<!-- Generated by org.testng.reporters.JUnitReportReporter -->
<testsuite ignored="3" hostname="DESKTOP-OD5RHOE" failures="0" tests="2" name="com.hellomaven.tests.DemoTest" time="16.735" errors="0" timestamp="25 Mar 2024 11:08:02 GMT" skipped="0">
  <testcase classname="com.hellomaven.tests.DemoTest" name="testLoginMultipleUsers" time="7.967"/>
  <testcase classname="com.hellomaven.tests.DemoTest" name="testLoginMultipleUsers" time="8.768"/>
  <testcase classname="com.hellomaven.tests.DemoTest" name="testLogin">
    <skipped/>
  </testcase> <!-- testLogin -->
  <testcase classname="com.hellomaven.tests.DemoTest" name="testReg">
    <skipped/>
  </testcase> <!-- testReg -->
  <testcase classname="com.hellomaven.tests.DemoTest" name="testRegMultipleusers">
    <skipped/>
  </testcase> <!-- testRegMultipleusers -->
</testsuite> <!-- com.hellomaven.tests.DemoTest -->
