<?xml version="1.0" encoding="UTF-8"?>
<!-- Generated by org.testng.reporters.JUnitReportReporter -->
<testsuite ignored="0" hostname="DESKTOP-OD5RHOE" failures="0" tests="1" name="com.selenium.iframe.Demoiframe" time="11.730" errors="0" timestamp="19 Mar 2024 01:56:47 GMT" skipped="0">
  <testcase classname="com.selenium.iframe.Demoiframe" name="test" time="11.730"/>
</testsuite> <!-- com.selenium.iframe.Demoiframe -->
