<?xml version="1.0" encoding="UTF-8"?>
<!-- Generated by org.testng.reporters.JUnitReportReporter -->
<testsuite ignored="0" hostname="DESKTOP-OD5RHOE" failures="0" tests="2" name="com.selenium.testNG.DemoTestNG" time="0.010" errors="0" timestamp="15 Mar 2024 01:54:20 GMT" skipped="0">
  <testcase classname="com.selenium.testNG.DemoTestNG" name="test2" time="0.003"/>
  <testcase classname="com.selenium.testNG.DemoTestNG" name="test" time="0.007"/>
</testsuite> <!-- com.selenium.testNG.DemoTestNG -->
