<?xml version="1.0" encoding="UTF-8"?>
<!-- Generated by org.testng.reporters.JUnitReportReporter -->
<testsuite ignored="0" hostname="DESKTOP-OD5RHOE" failures="0" tests="1" name="com.selenium.pageSource.DemoPageSource" time="7.129" errors="0" timestamp="11 Mar 2024 01:36:49 GMT" skipped="0">
  <testcase classname="com.selenium.pageSource.DemoPageSource" name="testPageSource" time="7.129"/>
</testsuite> <!-- com.selenium.pageSource.DemoPageSource -->
