<?xml version="1.0" encoding="UTF-8"?>
<!-- Generated by org.testng.reporters.JUnitReportReporter -->
<testsuite ignored="0" hostname="DESKTOP-OD5RHOE" failures="0" tests="1" name="com.selenium.actions.Demo" time="0.008" errors="0" timestamp="12 Mar 2024 02:15:50 GMT" skipped="0">
  <testcase classname="com.selenium.actions.Demo" name="tt" time="0.008"/>
</testsuite> <!-- com.selenium.actions.Demo -->
