<?xml version="1.0" encoding="UTF-8"?>
<!-- Generated by org.testng.reporters.JUnitReportReporter -->
<testsuite ignored="0" hostname="DESKTOP-OD5RHOE" failures="0" tests="1" name="com.selenium.tooltip.DemoTooltip" time="5.598" errors="0" timestamp="19 Mar 2024 02:12:30 GMT" skipped="0">
  <testcase classname="com.selenium.tooltip.DemoTooltip" name="test" time="5.598"/>
</testsuite> <!-- com.selenium.tooltip.DemoTooltip -->
