<?xml version="1.0" encoding="UTF-8"?>
<!-- Generated by org.testng.reporters.JUnitReportReporter -->
<testsuite ignored="0" hostname="DESKTOP-OD5RHOE" failures="0" tests="1" name="com.selenium.xlsfiles.DemoTest" time="3.897" errors="0" timestamp="22 Mar 2024 02:54:37 GMT" skipped="0">
  <testcase classname="com.selenium.xlsfiles.DemoTest" name="testReg" time="3.897"/>
</testsuite> <!-- com.selenium.xlsfiles.DemoTest -->
