<?xml version="1.0" encoding="UTF-8"?>
<!-- Generated by org.testng.reporters.JUnitReportReporter -->
<testsuite ignored="0" hostname="DESKTOP-OD5RHOE" failures="0" tests="1" name="com.Webelementmethods.DemoSubmit" time="3.467" errors="0" timestamp="10 Mar 2024 02:30:53 GMT" skipped="0">
  <testcase classname="com.Webelementmethods.DemoSubmit" name="testSubmit" time="3.467"/>
</testsuite> <!-- com.Webelementmethods.DemoSubmit -->
