<?xml version="1.0" encoding="UTF-8"?>
<!-- Generated by org.testng.reporters.JUnitReportReporter -->
<testsuite ignored="0" hostname="DESKTOP-OD5RHOE" failures="0" tests="1" name="com.selenium.actions.DemoMouseHover" time="6.297" errors="0" timestamp="12 Mar 2024 02:19:14 GMT" skipped="0">
  <testcase classname="com.selenium.actions.DemoMouseHover" name="testMouseHover" time="6.297"/>
</testsuite> <!-- com.selenium.actions.DemoMouseHover -->
