<?xml version="1.0" encoding="UTF-8"?>
<!-- Generated by org.testng.reporters.JUnitReportReporter -->
<testsuite ignored="0" hostname="DESKTOP-OD5RHOE" failures="0" tests="1" name="com.Webelementmethods.DemoWebelementsMethods" time="5.347" errors="0" timestamp="10 Mar 2024 02:15:15 GMT" skipped="0">
  <testcase classname="com.Webelementmethods.DemoWebelementsMethods" name="testIIItSite" time="5.347"/>
</testsuite> <!-- com.Webelementmethods.DemoWebelementsMethods -->
