<?xml version="1.0" encoding="UTF-8"?>
<!-- Generated by org.testng.reporters.JUnitReportReporter -->
<testsuite ignored="0" hostname="DESKTOP-OD5RHOE" failures="0" tests="1" name="com.games.DemoTCSTask" time="8.147" errors="0" timestamp="07 Mar 2024 02:38:58 GMT" skipped="0">
  <testcase classname="com.games.DemoTCSTask" name="testSeleniumLocators" time="8.147"/>
</testsuite> <!-- com.games.DemoTCSTask -->
