<?xml version="1.0" encoding="UTF-8"?>
<!-- Generated by org.testng.reporters.JUnitReportReporter -->
<testsuite ignored="6" hostname="DESKTOP-OD5RHOE" failures="0" tests="1" name="com.selenium.wait.DemoFluentWait" time="6.472" errors="0" timestamp="14 Mar 2024 03:03:23 GMT" skipped="0">
  <testcase classname="com.selenium.wait.DemoFluentWait" name="testFluentWait" time="6.472"/>
  <testcase classname="com.selenium.utils.Utils" name="setUp">
    <skipped/>
  </testcase> <!-- setUp -->
  <testcase classname="com.selenium.utils.Utils" name="setUp">
    <skipped/>
  </testcase> <!-- setUp -->
  <testcase classname="com.selenium.utils.Utils" name="setUp">
    <skipped/>
  </testcase> <!-- setUp -->
  <testcase classname="com.selenium.utils.Utils" name="closeBrowser">
    <skipped/>
  </testcase> <!-- closeBrowser -->
  <testcase classname="com.selenium.utils.Utils" name="closeBrowser">
    <skipped/>
  </testcase> <!-- closeBrowser -->
  <testcase classname="com.selenium.utils.Utils" name="closeBrowser">
    <skipped/>
  </testcase> <!-- closeBrowser -->
</testsuite> <!-- com.selenium.wait.DemoFluentWait -->
