<?xml version="1.0" encoding="UTF-8"?>
<!-- Generated by org.testng.reporters.JUnitReportReporter -->
<testsuite ignored="0" hostname="DESKTOP-OD5RHOE" failures="0" tests="1" name="com.selenium.wait.DemoimplicitWaits" time="9.531" errors="0" timestamp="13 Mar 2024 01:52:07 GMT" skipped="0">
  <testcase classname="com.selenium.wait.DemoimplicitWaits" name="testWait" time="9.531"/>
</testsuite> <!-- com.selenium.wait.DemoimplicitWaits -->
