<?xml version="1.0" encoding="UTF-8"?>
<!-- Generated by org.testng.reporters.JUnitReportReporter -->
<testsuite ignored="6" hostname="DESKTOP-OD5RHOE" failures="0" tests="4" name="com.hellomaven.tests.DemoGroups2" time="0.015" errors="0" timestamp="26 Mar 2024 02:40:29 GMT" skipped="0">
  <testcase classname="com.hellomaven.tests.DemoGroups2" name="searchItem1" time="0.003"/>
  <testcase classname="com.hellomaven.tests.DemoGroups2" name="erroLogins1" time="0.010"/>
  <testcase classname="com.hellomaven.tests.DemoGroups2" name="testinvalidlogin1" time="0.001"/>
  <testcase classname="com.hellomaven.tests.DemoGroups2" name="verifySearchResult1" time="0.001"/>
  <testcase classname="com.hellomaven.tests.DemoGroups" name="serachItemwithInvlaidData">
    <skipped/>
  </testcase> <!-- serachItemwithInvlaidData -->
  <testcase classname="com.hellomaven.tests.DemoGroups" name="testinvalidlogin">
    <skipped/>
  </testcase> <!-- testinvalidlogin -->
  <testcase classname="com.hellomaven.tests.DemoGroups" name="verifyloginpage">
    <skipped/>
  </testcase> <!-- verifyloginpage -->
  <testcase classname="com.hellomaven.tests.DemoGroups2" name="verifyloginpage1">
    <skipped/>
  </testcase> <!-- verifyloginpage1 -->
  <testcase classname="com.hellomaven.tests.DemoGroups2" name="testlogin1">
    <skipped/>
  </testcase> <!-- testlogin1 -->
  <testcase classname="com.hellomaven.tests.DemoGroups2" name="serachItemwithInvlaidData1">
    <skipped/>
  </testcase> <!-- serachItemwithInvlaidData1 -->
</testsuite> <!-- com.hellomaven.tests.DemoGroups2 -->
