<?xml version="1.0" encoding="UTF-8"?>
<!-- Generated by org.testng.reporters.JUnitReportReporter -->
<testsuite ignored="0" hostname="DESKTOP-OD5RHOE" failures="0" tests="1" name="com.selenium.windows.DemoWindows" time="22.455" errors="0" timestamp="15 Mar 2024 02:15:11 GMT" skipped="0">
  <testcase classname="com.selenium.windows.DemoWindows" name="testWindows" time="22.455"/>
</testsuite> <!-- com.selenium.windows.DemoWindows -->
