<?xml version="1.0" encoding="UTF-8"?>
<!-- Generated by org.testng.reporters.JUnitReportReporter -->
<testsuite ignored="0" hostname="DESKTOP-OD5RHOE" failures="0" tests="2" name="com.hellomaven.tests.ParallelTestDemo" time="16.223" errors="0" timestamp="26 Mar 2024 02:20:31 GMT" skipped="0">
  <testcase classname="com.hellomaven.tests.ParallelTestDemo" name="fbTest1" time="11.476"/>
  <testcase classname="com.hellomaven.tests.ParallelTestDemo" name="nopcommerceTest" time="4.747"/>
</testsuite> <!-- com.hellomaven.tests.ParallelTestDemo -->
