<?xml version="1.0" encoding="UTF-8"?>
<!-- Generated by org.testng.reporters.JUnitReportReporter -->
<testsuite ignored="0" hostname="DESKTOP-OD5RHOE" failures="0" tests="1" name="com.selenium.dynamicList.DemoDynamicList" time="11.943" errors="0" timestamp="19 Mar 2024 01:41:52 GMT" skipped="0">
  <testcase classname="com.selenium.dynamicList.DemoDynamicList" name="test" time="11.943"/>
</testsuite> <!-- com.selenium.dynamicList.DemoDynamicList -->
