<?xml version="1.0" encoding="UTF-8"?>
<!-- Generated by org.testng.reporters.JUnitReportReporter -->
<testsuite ignored="1" hostname="DESKTOP-OD5RHOE" failures="0" tests="1" name="com.Webelementmethods.DemoScreenshot" time="5.175" errors="0" timestamp="10 Mar 2024 02:58:59 GMT" skipped="0">
  <testcase classname="com.Webelementmethods.DemoScreenshot" name="testScreenshotWebElement" time="5.175"/>
  <testcase classname="com.Webelementmethods.DemoScreenshot" name="testScreenshotPage">
    <skipped/>
  </testcase> <!-- testScreenshotPage -->
</testsuite> <!-- com.Webelementmethods.DemoScreenshot -->
