<?xml version="1.0" encoding="UTF-8"?>
<!-- Generated by org.testng.reporters.JUnitReportReporter -->
<testsuite ignored="0" hostname="DESKTOP-OD5RHOE" failures="0" tests="1" name="com.hellomaven.tests.ParameterizationDemo" time="6.806" errors="0" timestamp="26 Mar 2024 01:58:35 GMT" skipped="0">
  <testcase classname="com.hellomaven.tests.ParameterizationDemo" name="verifyErrorMsgInLoginPage" time="6.806"/>
</testsuite> <!-- com.hellomaven.tests.ParameterizationDemo -->
