<?xml version="1.0" encoding="UTF-8"?>
<!-- Generated by org.testng.reporters.JUnitReportReporter -->
<testsuite ignored="0" hostname="DESKTOP-OD5RHOE" failures="0" tests="1" name="com.selenium.webtable.DemoWebTable" time="10.737" errors="0" timestamp="19 Mar 2024 02:35:57 GMT" skipped="0">
  <testcase classname="com.selenium.webtable.DemoWebTable" name="test" time="10.737"/>
</testsuite> <!-- com.selenium.webtable.DemoWebTable -->
