<?xml version="1.0" encoding="UTF-8"?>
<!-- Generated by org.testng.reporters.JUnitReportReporter -->
<testsuite ignored="6" hostname="DESKTOP-OD5RHOE" failures="0" tests="4" name="com.selenium.alerts.DemoAlerts" time="0.660" errors="0" timestamp="14 Mar 2024 03:03:23 GMT" skipped="0">
  <testcase classname="com.selenium.alerts.DemoAlerts" name="testPromptAlertsAccept" time="0.231"/>
  <testcase classname="com.selenium.alerts.DemoAlerts" name="testConfirmationAlertsDismiss" time="0.146"/>
  <testcase classname="com.selenium.alerts.DemoAlerts" name="testConfirmationAlertsAccept" time="0.163"/>
  <testcase classname="com.selenium.alerts.DemoAlerts" name="testSimpleAlerts" time="0.120"/>
  <testcase classname="com.selenium.utils.Utils" name="setUp">
    <skipped/>
  </testcase> <!-- setUp -->
  <testcase classname="com.selenium.utils.Utils" name="setUp">
    <skipped/>
  </testcase> <!-- setUp -->
  <testcase classname="com.selenium.utils.Utils" name="setUp">
    <skipped/>
  </testcase> <!-- setUp -->
  <testcase classname="com.selenium.utils.Utils" name="closeBrowser">
    <skipped/>
  </testcase> <!-- closeBrowser -->
  <testcase classname="com.selenium.utils.Utils" name="closeBrowser">
    <skipped/>
  </testcase> <!-- closeBrowser -->
  <testcase classname="com.selenium.utils.Utils" name="closeBrowser">
    <skipped/>
  </testcase> <!-- closeBrowser -->
</testsuite> <!-- com.selenium.alerts.DemoAlerts -->
